e:\exponet\exponet\debug\exponet.obj
e:\exponet\exponet\debug\vc100.pdb
e:\exponet\debug\exponet.ilk
e:\exponet\debug\exponet.exe
e:\exponet\exponet\debug\exponet.exe.intermediate.manifest
e:\exponet\debug\exponet.pdb
e:\exponet\exponet\debug\exponet.exe.embed.manifest
e:\exponet\exponet\debug\exponet.exe.embed.manifest.res
c:\userspace\programs\#languages\c\prog\paint\exponet\exponet\debug\vc142.pdb
c:\userspace\programs\#languages\c\prog\paint\exponet\exponet\debug\vc142.idb
c:\userspace\programs\#languages\c\prog\paint\exponet\exponet\debug\exponet.obj
c:\userspace\programs\#languages\c\prog\paint\exponet\debug\exponet.ilk
c:\userspace\programs\#languages\c\prog\paint\exponet\debug\exponet.exe
c:\userspace\programs\#languages\c\prog\paint\exponet\debug\exponet.pdb
c:\userspace\programs\#languages\c\prog\paint\exponet\exponet\debug\cl.command.1.tlog
c:\userspace\programs\#languages\c\prog\paint\exponet\exponet\debug\cl.read.1.tlog
c:\userspace\programs\#languages\c\prog\paint\exponet\exponet\debug\cl.write.1.tlog
c:\userspace\programs\#languages\c\prog\paint\exponet\exponet\debug\exponet.write.1.tlog
c:\userspace\programs\#languages\c\prog\paint\exponet\exponet\debug\link-cvtres.read.1.tlog
c:\userspace\programs\#languages\c\prog\paint\exponet\exponet\debug\link-cvtres.write.1.tlog
c:\userspace\programs\#languages\c\prog\paint\exponet\exponet\debug\link.32256-cvtres.read.1.tlog
c:\userspace\programs\#languages\c\prog\paint\exponet\exponet\debug\link.32256-cvtres.write.1.tlog
c:\userspace\programs\#languages\c\prog\paint\exponet\exponet\debug\link.32256.read.1.tlog
c:\userspace\programs\#languages\c\prog\paint\exponet\exponet\debug\link.32256.write.1.tlog
c:\userspace\programs\#languages\c\prog\paint\exponet\exponet\debug\link.command.1.tlog
c:\userspace\programs\#languages\c\prog\paint\exponet\exponet\debug\link.read.1.tlog
c:\userspace\programs\#languages\c\prog\paint\exponet\exponet\debug\link.write.1.tlog
c:\userspace\programs\#languages\c\prog\paint\exponet\exponet\debug\mt.command.1.tlog
c:\userspace\programs\#languages\c\prog\paint\exponet\exponet\debug\mt.read.1.tlog
c:\userspace\programs\#languages\c\prog\paint\exponet\exponet\debug\mt.write.1.tlog
c:\userspace\programs\#languages\c\prog\paint\exponet\exponet\debug\rc.command.1.tlog
c:\userspace\programs\#languages\c\prog\paint\exponet\exponet\debug\rc.read.1.tlog
c:\userspace\programs\#languages\c\prog\paint\exponet\exponet\debug\rc.write.1.tlog
c:\userspace\programs\#languages\c\prog\paint\exponet\exponet\debug\exponet.exe.embed.manifest
c:\userspace\programs\#languages\c\prog\paint\exponet\exponet\debug\exponet.exe.intermediate.manifest
c:\userspace\programs\#languages\c\prog\paint\exponet\exponet\debug\exponet.exe.embed.manifest.res
c:\userspace\programs\#languages\c\prog\paint\exponet\exponet\debug\vc100.idb
c:\userspace\programs\#languages\c\prog\paint\exponet\exponet\debug\vc100.pdb
c:\userspace\programs\#languages\c\prog\paint\exponet\exponet\debug\exponet_manifest.rc
c:\userspace\programs\#languages\c\prog\paint\exponet\exponet\debug\exponet.tlog\cl.command.1.tlog
c:\userspace\programs\#languages\c\prog\paint\exponet\exponet\debug\exponet.tlog\cl.read.1.tlog
c:\userspace\programs\#languages\c\prog\paint\exponet\exponet\debug\exponet.tlog\cl.write.1.tlog
c:\userspace\programs\#languages\c\prog\paint\exponet\exponet\debug\exponet.tlog\link.command.1.tlog
c:\userspace\programs\#languages\c\prog\paint\exponet\exponet\debug\exponet.tlog\link.delete.1.tlog
c:\userspace\programs\#languages\c\prog\paint\exponet\exponet\debug\exponet.tlog\link.read.1.tlog
c:\userspace\programs\#languages\c\prog\paint\exponet\exponet\debug\exponet.tlog\link.write.1.tlog
